<?xml version="1.0" encoding="UTF-8"?>
<!-- Generated by org.testng.reporters.JUnitReportReporter -->
<testsuite hostname="Rahul" failures="0" tests="1" name="testcases.TestUsers" time="3.015" errors="0" timestamp="2024-08-17T00:15:44 IST" skipped="0">
  <testcase classname="testcases.TestUsers" name="testUser" time="3.015"/>
  <system-out/>
</testsuite> <!-- testcases.TestUsers -->
