<?xml version="1.0" encoding="UTF-8"?>
<!-- Generated by org.testng.reporters.JUnitReportReporter -->
<testsuite hostname="Rahul" failures="0" tests="1" name="testcases.TestGetUser" time="1.876" errors="0" timestamp="2024-08-18T20:47:53 IST" skipped="0">
  <testcase classname="testcases.TestGetUser" name="testGetUserPagination" time="1.876"/>
  <system-out/>
</testsuite> <!-- testcases.TestGetUser -->
